<?xml version="1.0" encoding="UTF-8"?>
<testsuite xmlns:xsi="http://www.w3.org/2001/XMLSchema-instance" xsi:noNamespaceSchemaLocation="https://maven.apache.org/surefire/maven-surefire-plugin/xsd/surefire-test-report.xsd" name="com.company.FileStorage.FileDBTest" time="0.273" tests="11" errors="0" skipped="0" failures="0">
  <properties>
[...]
</properties>
  <testcase name="createWithKey" classname="com.company.FileStorage.FileDBTest" time="0.078"/>
  <testcase name="getTest" classname="com.company.FileStorage.FileDBTest" time="0.003"/>
  <testcase name="createWithTime" classname="com.company.FileStorage.FileDBTest" time="0.008"/>
  <testcase name="getNullTest" classname="com.company.FileStorage.FileDBTest" time="0"/>
  <testcase name="notProperDirectorytest" classname="com.company.FileStorage.FileDBTest" time="0"/>
  <testcase name="createWithoutKeyempty" classname="com.company.FileStorage.FileDBTest" time="0"/>
  <testcase name="createWithoutKey" classname="com.company.FileStorage.FileDBTest" time="0"/>
  <testcase name="createWithKeyinPath" classname="com.company.FileStorage.FileDBTest" time="0.004"/>
  <testcase name="createWithExixtsKey" classname="com.company.FileStorage.FileDBTest" time="0.004"/>
  <testcase name="deleteTest" classname="com.company.FileStorage.FileDBTest" time="0.012"/>
  <testcase name="createWithoutKeysize" classname="com.company.FileStorage.FileDBTest" time="0"/>
</testsuite>